!SESSION 2017-09-19 16:11:41.384 -----------------------------------------------
eclipse.buildId=4.7.0.I20170612-0950
java.version=1.8.0_51
java.vendor=Oracle Corporation
BootLoader constants: OS=win32, ARCH=x86_64, WS=win32, NL=en_US
Framework arguments:  -product org.eclipse.epp.package.java.product
Command-line arguments:  -os win32 -ws win32 -arch x86_64 -product org.eclipse.epp.package.java.product

!ENTRY org.eclipse.egit.ui 2 0 2017-09-19 16:12:27.934
!MESSAGE Warning: The environment variable HOME is not set. The following directory will be used to store the Git
user global configuration and to define the default location to store repositories: 'C:\Users\Rachel'. If this is
not correct please set the HOME environment variable and restart Eclipse. Otherwise Git for Windows and
EGit might behave differently since they see different configuration options.
This warning can be switched off on the Team > Git > Confirmations and Warnings preference page.
!SESSION 2017-09-19 16:26:33.162 -----------------------------------------------
eclipse.buildId=4.7.0.I20170612-0950
java.version=1.8.0_51
java.vendor=Oracle Corporation
BootLoader constants: OS=win32, ARCH=x86_64, WS=win32, NL=en_US
Framework arguments:  -product org.eclipse.epp.package.java.product
Command-line arguments:  -os win32 -ws win32 -arch x86_64 -product org.eclipse.epp.package.java.product

!ENTRY org.eclipse.egit.ui 2 0 2017-09-19 16:27:03.405
!MESSAGE Warning: The environment variable HOME is not set. The following directory will be used to store the Git
user global configuration and to define the default location to store repositories: 'C:\Users\Rachel'. If this is
not correct please set the HOME environment variable and restart Eclipse. Otherwise Git for Windows and
EGit might behave differently since they see different configuration options.
This warning can be switched off on the Team > Git > Confirmations and Warnings preference page.
!SESSION 2017-09-22 14:10:15.876 -----------------------------------------------
eclipse.buildId=4.7.0.I20170612-0950
java.version=1.8.0_51
java.vendor=Oracle Corporation
BootLoader constants: OS=win32, ARCH=x86_64, WS=win32, NL=en_US
Framework arguments:  -product org.eclipse.epp.package.java.product
Command-line arguments:  -os win32 -ws win32 -arch x86_64 -product org.eclipse.epp.package.java.product

!ENTRY org.eclipse.egit.ui 2 0 2017-09-22 14:11:10.929
!MESSAGE Warning: The environment variable HOME is not set. The following directory will be used to store the Git
user global configuration and to define the default location to store repositories: 'C:\Users\Rachel'. If this is
not correct please set the HOME environment variable and restart Eclipse. Otherwise Git for Windows and
EGit might behave differently since they see different configuration options.
This warning can be switched off on the Team > Git > Confirmations and Warnings preference page.
!SESSION 2017-09-26 10:46:41.498 -----------------------------------------------
eclipse.buildId=4.7.0.I20170612-0950
java.version=1.8.0_51
java.vendor=Oracle Corporation
BootLoader constants: OS=win32, ARCH=x86_64, WS=win32, NL=en_US
Framework arguments:  -product org.eclipse.epp.package.java.product
Command-line arguments:  -os win32 -ws win32 -arch x86_64 -product org.eclipse.epp.package.java.product

!ENTRY org.eclipse.core.resources 2 10035 2017-09-26 10:46:50.536
!MESSAGE The workspace exited with unsaved changes in the previous session; refreshing workspace to recover changes.

!ENTRY org.eclipse.egit.ui 2 0 2017-09-26 10:47:29.128
!MESSAGE Warning: The environment variable HOME is not set. The following directory will be used to store the Git
user global configuration and to define the default location to store repositories: 'C:\Users\Rachel'. If this is
not correct please set the HOME environment variable and restart Eclipse. Otherwise Git for Windows and
EGit might behave differently since they see different configuration options.
This warning can be switched off on the Team > Git > Confirmations and Warnings preference page.

!ENTRY org.eclipse.recommenders.models.rcp 1 11 2017-09-26 10:49:48.779
!MESSAGE The model index service was accessed either before it started or after it finished running.
!STACK 0
org.eclipse.recommenders.utils.Logs$LogTraceException
	at org.eclipse.recommenders.utils.Logs$LogTraceException.newTrace(Logs.java:381)
	at org.eclipse.recommenders.utils.Logs.log(Logs.java:134)
	at org.eclipse.recommenders.utils.Logs.log(Logs.java:126)
	at org.eclipse.recommenders.internal.models.rcp.EclipseModelIndex.suggest(EclipseModelIndex.java:211)
	at org.eclipse.recommenders.models.SimpleModelProvider.acquireModel(SimpleModelProvider.java:70)
	at org.eclipse.recommenders.models.PoolingModelProvider.access$0(PoolingModelProvider.java:1)
	at org.eclipse.recommenders.models.PoolingModelProvider$ModelPoolFactoryMediator.makeObject(PoolingModelProvider.java:96)
	at org.eclipse.recommenders.models.PoolingModelProvider$ModelPoolFactoryMediator.makeObject(PoolingModelProvider.java:1)
	at org.apache.commons.pool.impl.GenericKeyedObjectPool.borrowObject(GenericKeyedObjectPool.java:1220)
	at org.eclipse.recommenders.models.PoolingModelProvider.acquireModel(PoolingModelProvider.java:67)
	at org.eclipse.recommenders.internal.calls.rcp.RcpCallModelProvider.acquireModel(RcpCallModelProvider.java:65)
	at org.eclipse.recommenders.internal.calls.rcp.RcpCallModelProvider.acquireModel(RcpCallModelProvider.java:1)
	at org.eclipse.recommenders.internal.models.rcp.PrefetchModelArchiveJob.run(PrefetchModelArchiveJob.java:43)
	at org.eclipse.core.internal.jobs.Worker.run(Worker.java:56)
!SESSION 2017-09-28 10:04:27.268 -----------------------------------------------
eclipse.buildId=4.7.0.I20170612-0950
java.version=1.8.0_51
java.vendor=Oracle Corporation
BootLoader constants: OS=win32, ARCH=x86_64, WS=win32, NL=en_US
Framework arguments:  -product org.eclipse.epp.package.java.product
Command-line arguments:  -os win32 -ws win32 -arch x86_64 -product org.eclipse.epp.package.java.product

!ENTRY org.eclipse.core.resources 2 10035 2017-09-28 10:04:36.203
!MESSAGE The workspace exited with unsaved changes in the previous session; refreshing workspace to recover changes.

!ENTRY org.eclipse.egit.ui 2 0 2017-09-28 10:05:12.602
!MESSAGE Warning: The environment variable HOME is not set. The following directory will be used to store the Git
user global configuration and to define the default location to store repositories: 'C:\Users\Rachel'. If this is
not correct please set the HOME environment variable and restart Eclipse. Otherwise Git for Windows and
EGit might behave differently since they see different configuration options.
This warning can be switched off on the Team > Git > Confirmations and Warnings preference page.

!ENTRY org.eclipse.recommenders.models.rcp 1 11 2017-09-28 10:07:25.959
!MESSAGE The model index service was accessed either before it started or after it finished running.
!STACK 0
org.eclipse.recommenders.utils.Logs$LogTraceException
	at org.eclipse.recommenders.utils.Logs$LogTraceException.newTrace(Logs.java:381)
	at org.eclipse.recommenders.utils.Logs.log(Logs.java:134)
	at org.eclipse.recommenders.utils.Logs.log(Logs.java:126)
	at org.eclipse.recommenders.internal.models.rcp.EclipseModelIndex.suggest(EclipseModelIndex.java:211)
	at org.eclipse.recommenders.models.SimpleModelProvider.acquireModel(SimpleModelProvider.java:70)
	at org.eclipse.recommenders.models.PoolingModelProvider.access$0(PoolingModelProvider.java:1)
	at org.eclipse.recommenders.models.PoolingModelProvider$ModelPoolFactoryMediator.makeObject(PoolingModelProvider.java:96)
	at org.eclipse.recommenders.models.PoolingModelProvider$ModelPoolFactoryMediator.makeObject(PoolingModelProvider.java:1)
	at org.apache.commons.pool.impl.GenericKeyedObjectPool.borrowObject(GenericKeyedObjectPool.java:1220)
	at org.eclipse.recommenders.models.PoolingModelProvider.acquireModel(PoolingModelProvider.java:67)
	at org.eclipse.recommenders.internal.calls.rcp.RcpCallModelProvider.acquireModel(RcpCallModelProvider.java:65)
	at org.eclipse.recommenders.internal.calls.rcp.RcpCallModelProvider.acquireModel(RcpCallModelProvider.java:1)
	at org.eclipse.recommenders.internal.models.rcp.PrefetchModelArchiveJob.run(PrefetchModelArchiveJob.java:43)
	at org.eclipse.core.internal.jobs.Worker.run(Worker.java:56)
!SESSION 2017-09-29 09:40:35.299 -----------------------------------------------
eclipse.buildId=4.7.0.I20170612-0950
java.version=1.8.0_51
java.vendor=Oracle Corporation
BootLoader constants: OS=win32, ARCH=x86_64, WS=win32, NL=en_US
Framework arguments:  -product org.eclipse.epp.package.java.product
Command-line arguments:  -os win32 -ws win32 -arch x86_64 -product org.eclipse.epp.package.java.product

!ENTRY org.eclipse.egit.ui 2 0 2017-09-29 09:41:25.704
!MESSAGE Warning: The environment variable HOME is not set. The following directory will be used to store the Git
user global configuration and to define the default location to store repositories: 'C:\Users\Rachel'. If this is
not correct please set the HOME environment variable and restart Eclipse. Otherwise Git for Windows and
EGit might behave differently since they see different configuration options.
This warning can be switched off on the Team > Git > Confirmations and Warnings preference page.

!ENTRY org.eclipse.recommenders.models.rcp 1 11 2017-09-29 14:59:49.429
!MESSAGE The model index service was accessed either before it started or after it finished running.
!STACK 0
org.eclipse.recommenders.utils.Logs$LogTraceException
	at org.eclipse.recommenders.utils.Logs$LogTraceException.newTrace(Logs.java:381)
	at org.eclipse.recommenders.utils.Logs.log(Logs.java:134)
	at org.eclipse.recommenders.utils.Logs.log(Logs.java:126)
	at org.eclipse.recommenders.internal.models.rcp.EclipseModelIndex.suggest(EclipseModelIndex.java:211)
	at org.eclipse.recommenders.models.SimpleModelProvider.acquireModel(SimpleModelProvider.java:70)
	at org.eclipse.recommenders.models.PoolingModelProvider.access$0(PoolingModelProvider.java:1)
	at org.eclipse.recommenders.models.PoolingModelProvider$ModelPoolFactoryMediator.makeObject(PoolingModelProvider.java:96)
	at org.eclipse.recommenders.models.PoolingModelProvider$ModelPoolFactoryMediator.makeObject(PoolingModelProvider.java:1)
	at org.apache.commons.pool.impl.GenericKeyedObjectPool.borrowObject(GenericKeyedObjectPool.java:1220)
	at org.eclipse.recommenders.models.PoolingModelProvider.acquireModel(PoolingModelProvider.java:67)
	at org.eclipse.recommenders.internal.calls.rcp.RcpCallModelProvider.acquireModel(RcpCallModelProvider.java:65)
	at org.eclipse.recommenders.internal.calls.rcp.RcpCallModelProvider.acquireModel(RcpCallModelProvider.java:1)
	at org.eclipse.recommenders.internal.models.rcp.PrefetchModelArchiveJob.run(PrefetchModelArchiveJob.java:43)
	at org.eclipse.core.internal.jobs.Worker.run(Worker.java:56)
!SESSION 2017-10-01 21:08:12.170 -----------------------------------------------
eclipse.buildId=4.7.0.I20170612-0950
java.version=1.8.0_51
java.vendor=Oracle Corporation
BootLoader constants: OS=win32, ARCH=x86_64, WS=win32, NL=en_US
Framework arguments:  -product org.eclipse.epp.package.java.product
Command-line arguments:  -os win32 -ws win32 -arch x86_64 -product org.eclipse.epp.package.java.product

!ENTRY org.eclipse.egit.ui 2 0 2017-10-01 21:08:37.426
!MESSAGE Warning: The environment variable HOME is not set. The following directory will be used to store the Git
user global configuration and to define the default location to store repositories: 'C:\Users\Rachel'. If this is
not correct please set the HOME environment variable and restart Eclipse. Otherwise Git for Windows and
EGit might behave differently since they see different configuration options.
This warning can be switched off on the Team > Git > Confirmations and Warnings preference page.
!SESSION 2017-10-03 09:53:11.497 -----------------------------------------------
eclipse.buildId=4.7.0.I20170612-0950
java.version=1.8.0_51
java.vendor=Oracle Corporation
BootLoader constants: OS=win32, ARCH=x86_64, WS=win32, NL=en_US
Framework arguments:  -product org.eclipse.epp.package.java.product
Command-line arguments:  -os win32 -ws win32 -arch x86_64 -product org.eclipse.epp.package.java.product

!ENTRY org.eclipse.egit.ui 2 0 2017-10-03 09:53:56.617
!MESSAGE Warning: The environment variable HOME is not set. The following directory will be used to store the Git
user global configuration and to define the default location to store repositories: 'C:\Users\Rachel'. If this is
not correct please set the HOME environment variable and restart Eclipse. Otherwise Git for Windows and
EGit might behave differently since they see different configuration options.
This warning can be switched off on the Team > Git > Confirmations and Warnings preference page.

!ENTRY org.eclipse.recommenders.models.rcp 1 11 2017-10-03 13:19:38.650
!MESSAGE The model index service was accessed either before it started or after it finished running.
!STACK 0
org.eclipse.recommenders.utils.Logs$LogTraceException
	at org.eclipse.recommenders.utils.Logs$LogTraceException.newTrace(Logs.java:381)
	at org.eclipse.recommenders.utils.Logs.log(Logs.java:134)
	at org.eclipse.recommenders.utils.Logs.log(Logs.java:126)
	at org.eclipse.recommenders.internal.models.rcp.EclipseModelIndex.suggest(EclipseModelIndex.java:211)
	at org.eclipse.recommenders.models.SimpleModelProvider.acquireModel(SimpleModelProvider.java:70)
	at org.eclipse.recommenders.models.PoolingModelProvider.access$0(PoolingModelProvider.java:1)
	at org.eclipse.recommenders.models.PoolingModelProvider$ModelPoolFactoryMediator.makeObject(PoolingModelProvider.java:96)
	at org.eclipse.recommenders.models.PoolingModelProvider$ModelPoolFactoryMediator.makeObject(PoolingModelProvider.java:1)
	at org.apache.commons.pool.impl.GenericKeyedObjectPool.borrowObject(GenericKeyedObjectPool.java:1220)
	at org.eclipse.recommenders.models.PoolingModelProvider.acquireModel(PoolingModelProvider.java:67)
	at org.eclipse.recommenders.internal.calls.rcp.RcpCallModelProvider.acquireModel(RcpCallModelProvider.java:65)
	at org.eclipse.recommenders.internal.calls.rcp.RcpCallModelProvider.acquireModel(RcpCallModelProvider.java:1)
	at org.eclipse.recommenders.internal.models.rcp.PrefetchModelArchiveJob.run(PrefetchModelArchiveJob.java:43)
	at org.eclipse.core.internal.jobs.Worker.run(Worker.java:56)
!SESSION 2017-10-06 10:35:05.846 -----------------------------------------------
eclipse.buildId=4.7.0.I20170612-0950
java.version=1.8.0_51
java.vendor=Oracle Corporation
BootLoader constants: OS=win32, ARCH=x86_64, WS=win32, NL=en_US
Framework arguments:  -product org.eclipse.epp.package.java.product
Command-line arguments:  -os win32 -ws win32 -arch x86_64 -product org.eclipse.epp.package.java.product

!ENTRY org.eclipse.egit.ui 2 0 2017-10-06 10:35:53.001
!MESSAGE Warning: The environment variable HOME is not set. The following directory will be used to store the Git
user global configuration and to define the default location to store repositories: 'C:\Users\Rachel'. If this is
not correct please set the HOME environment variable and restart Eclipse. Otherwise Git for Windows and
EGit might behave differently since they see different configuration options.
This warning can be switched off on the Team > Git > Confirmations and Warnings preference page.

!ENTRY org.eclipse.recommenders.models.rcp 1 11 2017-10-06 10:39:58.209
!MESSAGE The model index service was accessed either before it started or after it finished running.
!STACK 0
org.eclipse.recommenders.utils.Logs$LogTraceException
	at org.eclipse.recommenders.utils.Logs$LogTraceException.newTrace(Logs.java:381)
	at org.eclipse.recommenders.utils.Logs.log(Logs.java:134)
	at org.eclipse.recommenders.utils.Logs.log(Logs.java:126)
	at org.eclipse.recommenders.internal.models.rcp.EclipseModelIndex.suggest(EclipseModelIndex.java:211)
	at org.eclipse.recommenders.models.SimpleModelProvider.acquireModel(SimpleModelProvider.java:70)
	at org.eclipse.recommenders.models.PoolingModelProvider.access$0(PoolingModelProvider.java:1)
	at org.eclipse.recommenders.models.PoolingModelProvider$ModelPoolFactoryMediator.makeObject(PoolingModelProvider.java:96)
	at org.eclipse.recommenders.models.PoolingModelProvider$ModelPoolFactoryMediator.makeObject(PoolingModelProvider.java:1)
	at org.apache.commons.pool.impl.GenericKeyedObjectPool.borrowObject(GenericKeyedObjectPool.java:1220)
	at org.eclipse.recommenders.models.PoolingModelProvider.acquireModel(PoolingModelProvider.java:67)
	at org.eclipse.recommenders.internal.calls.rcp.RcpCallModelProvider.acquireModel(RcpCallModelProvider.java:65)
	at org.eclipse.recommenders.internal.calls.rcp.RcpCallModelProvider.acquireModel(RcpCallModelProvider.java:1)
	at org.eclipse.recommenders.internal.models.rcp.PrefetchModelArchiveJob.run(PrefetchModelArchiveJob.java:43)
	at org.eclipse.core.internal.jobs.Worker.run(Worker.java:56)
!SESSION 2017-10-14 19:09:32.402 -----------------------------------------------
eclipse.buildId=4.7.0.I20170612-0950
java.version=1.8.0_51
java.vendor=Oracle Corporation
BootLoader constants: OS=win32, ARCH=x86_64, WS=win32, NL=en_US
Framework arguments:  -product org.eclipse.epp.package.java.product
Command-line arguments:  -os win32 -ws win32 -arch x86_64 -product org.eclipse.epp.package.java.product

!ENTRY org.eclipse.egit.ui 2 0 2017-10-14 19:10:17.171
!MESSAGE Warning: The environment variable HOME is not set. The following directory will be used to store the Git
user global configuration and to define the default location to store repositories: 'C:\Users\Rachel'. If this is
not correct please set the HOME environment variable and restart Eclipse. Otherwise Git for Windows and
EGit might behave differently since they see different configuration options.
This warning can be switched off on the Team > Git > Confirmations and Warnings preference page.

!ENTRY org.eclipse.recommenders.models.rcp 1 11 2017-10-14 19:12:21.343
!MESSAGE The model index service was accessed either before it started or after it finished running.
!STACK 0
org.eclipse.recommenders.utils.Logs$LogTraceException
	at org.eclipse.recommenders.utils.Logs$LogTraceException.newTrace(Logs.java:381)
	at org.eclipse.recommenders.utils.Logs.log(Logs.java:134)
	at org.eclipse.recommenders.utils.Logs.log(Logs.java:126)
	at org.eclipse.recommenders.internal.models.rcp.EclipseModelIndex.suggest(EclipseModelIndex.java:211)
	at org.eclipse.recommenders.models.SimpleModelProvider.acquireModel(SimpleModelProvider.java:70)
	at org.eclipse.recommenders.models.PoolingModelProvider.access$0(PoolingModelProvider.java:1)
	at org.eclipse.recommenders.models.PoolingModelProvider$ModelPoolFactoryMediator.makeObject(PoolingModelProvider.java:96)
	at org.eclipse.recommenders.models.PoolingModelProvider$ModelPoolFactoryMediator.makeObject(PoolingModelProvider.java:1)
	at org.apache.commons.pool.impl.GenericKeyedObjectPool.borrowObject(GenericKeyedObjectPool.java:1220)
	at org.eclipse.recommenders.models.PoolingModelProvider.acquireModel(PoolingModelProvider.java:67)
	at org.eclipse.recommenders.internal.calls.rcp.RcpCallModelProvider.acquireModel(RcpCallModelProvider.java:65)
	at org.eclipse.recommenders.internal.calls.rcp.RcpCallModelProvider.acquireModel(RcpCallModelProvider.java:1)
	at org.eclipse.recommenders.internal.models.rcp.PrefetchModelArchiveJob.run(PrefetchModelArchiveJob.java:43)
	at org.eclipse.core.internal.jobs.Worker.run(Worker.java:56)
!SESSION 2017-10-17 10:24:26.596 -----------------------------------------------
eclipse.buildId=4.7.0.I20170612-0950
java.version=1.8.0_51
java.vendor=Oracle Corporation
BootLoader constants: OS=win32, ARCH=x86_64, WS=win32, NL=en_US
Framework arguments:  -product org.eclipse.epp.package.java.product
Command-line arguments:  -os win32 -ws win32 -arch x86_64 -product org.eclipse.epp.package.java.product

!ENTRY org.eclipse.egit.ui 2 0 2017-10-17 10:25:15.813
!MESSAGE Warning: The environment variable HOME is not set. The following directory will be used to store the Git
user global configuration and to define the default location to store repositories: 'C:\Users\Rachel'. If this is
not correct please set the HOME environment variable and restart Eclipse. Otherwise Git for Windows and
EGit might behave differently since they see different configuration options.
This warning can be switched off on the Team > Git > Confirmations and Warnings preference page.
!SESSION 2017-10-19 09:34:18.177 -----------------------------------------------
eclipse.buildId=4.7.0.I20170612-0950
java.version=1.8.0_51
java.vendor=Oracle Corporation
BootLoader constants: OS=win32, ARCH=x86_64, WS=win32, NL=en_US
Framework arguments:  -product org.eclipse.epp.package.java.product
Command-line arguments:  -os win32 -ws win32 -arch x86_64 -product org.eclipse.epp.package.java.product

!ENTRY org.eclipse.core.resources 2 10035 2017-10-19 09:34:35.223
!MESSAGE The workspace exited with unsaved changes in the previous session; refreshing workspace to recover changes.

!ENTRY org.eclipse.egit.ui 2 0 2017-10-19 09:35:49.487
!MESSAGE Warning: The environment variable HOME is not set. The following directory will be used to store the Git
user global configuration and to define the default location to store repositories: 'C:\Users\Rachel'. If this is
not correct please set the HOME environment variable and restart Eclipse. Otherwise Git for Windows and
EGit might behave differently since they see different configuration options.
This warning can be switched off on the Team > Git > Confirmations and Warnings preference page.
!SESSION 2017-10-19 09:57:40.058 -----------------------------------------------
eclipse.buildId=4.7.0.I20170612-0950
java.version=1.8.0_51
java.vendor=Oracle Corporation
BootLoader constants: OS=win32, ARCH=x86_64, WS=win32, NL=en_US
Framework arguments:  -product org.eclipse.epp.package.java.product
Command-line arguments:  -os win32 -ws win32 -arch x86_64 -product org.eclipse.epp.package.java.product

!ENTRY org.eclipse.egit.ui 2 0 2017-10-19 09:58:28.274
!MESSAGE Warning: The environment variable HOME is not set. The following directory will be used to store the Git
user global configuration and to define the default location to store repositories: 'C:\Users\Rachel'. If this is
not correct please set the HOME environment variable and restart Eclipse. Otherwise Git for Windows and
EGit might behave differently since they see different configuration options.
This warning can be switched off on the Team > Git > Confirmations and Warnings preference page.

!ENTRY org.eclipse.equinox.p2.repository 2 0 2017-10-19 17:29:53.594
!MESSAGE Server returned lastModified <= 0 for http://download.eclipse.org/technology/epp/packages/oxygen/content.xml.xz

!ENTRY org.eclipse.equinox.p2.metadata.repository 4 1002 2017-10-19 17:29:53.875
!MESSAGE Unable to read repository at http://download.eclipse.org/technology/epp/packages/oxygen/.
!STACK 0
org.tukaani.xz.XZFormatException: Input is not in the XZ format
	at org.tukaani.xz.common.DecoderUtil.decodeStreamHeader(Unknown Source)
	at org.tukaani.xz.SingleXZInputStream.initialize(Unknown Source)
	at org.tukaani.xz.SingleXZInputStream.initialize(Unknown Source)
	at org.tukaani.xz.SingleXZInputStream.<init>(Unknown Source)
	at org.tukaani.xz.XZInputStream.<init>(Unknown Source)
	at org.tukaani.xz.XZInputStream.<init>(Unknown Source)
	at org.eclipse.equinox.internal.p2.metadata.repository.XZedSimpleMetadataRepositoryFactory.load(XZedSimpleMetadataRepositoryFactory.java:80)
	at org.eclipse.equinox.internal.p2.metadata.repository.MetadataRepositoryManager.factoryLoad(MetadataRepositoryManager.java:57)
	at org.eclipse.equinox.internal.p2.repository.helpers.AbstractRepositoryManager.loadRepository(AbstractRepositoryManager.java:768)
	at sun.reflect.NativeMethodAccessorImpl.invoke0(Native Method)
	at sun.reflect.NativeMethodAccessorImpl.invoke(Unknown Source)
	at sun.reflect.DelegatingMethodAccessorImpl.invoke(Unknown Source)
	at java.lang.reflect.Method.invoke(Unknown Source)
	at org.eclipse.oomph.util.ReflectUtil.invokeMethod(ReflectUtil.java:117)
	at org.eclipse.oomph.p2.internal.core.CachingRepositoryManager.loadRepository(CachingRepositoryManager.java:409)
	at org.eclipse.oomph.p2.internal.core.CachingRepositoryManager.loadRepository(CachingRepositoryManager.java:201)
	at org.eclipse.oomph.p2.internal.core.CachingRepositoryManager$Metadata.loadRepository(CachingRepositoryManager.java:476)
	at org.eclipse.equinox.internal.p2.metadata.repository.MetadataRepositoryManager.loadRepository(MetadataRepositoryManager.java:96)
	at org.eclipse.equinox.internal.p2.metadata.repository.MetadataRepositoryManager.loadRepository(MetadataRepositoryManager.java:92)
	at org.eclipse.equinox.internal.p2.updatechecker.UpdateChecker.getAvailableRepositories(UpdateChecker.java:152)
	at org.eclipse.equinox.internal.p2.updatechecker.UpdateChecker.checkForUpdates(UpdateChecker.java:130)
	at org.eclipse.equinox.internal.p2.updatechecker.UpdateChecker$UpdateCheckThread.run(UpdateChecker.java:74)

!ENTRY org.eclipse.equinox.p2.repository 2 0 2017-10-19 17:29:54.062
!MESSAGE Server returned lastModified <= 0 for http://download.eclipse.org/releases/oxygen/201706281000/content.xml.xz

!ENTRY org.eclipse.equinox.p2.metadata.repository 4 1002 2017-10-19 17:29:54.312
!MESSAGE Unable to read repository at http://download.eclipse.org/releases/oxygen/201706281000.
!STACK 0
org.tukaani.xz.XZFormatException: Input is not in the XZ format
	at org.tukaani.xz.common.DecoderUtil.decodeStreamHeader(Unknown Source)
	at org.tukaani.xz.SingleXZInputStream.initialize(Unknown Source)
	at org.tukaani.xz.SingleXZInputStream.initialize(Unknown Source)
	at org.tukaani.xz.SingleXZInputStream.<init>(Unknown Source)
	at org.tukaani.xz.XZInputStream.<init>(Unknown Source)
	at org.tukaani.xz.XZInputStream.<init>(Unknown Source)
	at org.eclipse.equinox.internal.p2.metadata.repository.XZedSimpleMetadataRepositoryFactory.load(XZedSimpleMetadataRepositoryFactory.java:80)
	at org.eclipse.equinox.internal.p2.metadata.repository.MetadataRepositoryManager.factoryLoad(MetadataRepositoryManager.java:57)
	at org.eclipse.equinox.internal.p2.repository.helpers.AbstractRepositoryManager.loadRepository(AbstractRepositoryManager.java:768)
	at sun.reflect.NativeMethodAccessorImpl.invoke0(Native Method)
	at sun.reflect.NativeMethodAccessorImpl.invoke(Unknown Source)
	at sun.reflect.DelegatingMethodAccessorImpl.invoke(Unknown Source)
	at java.lang.reflect.Method.invoke(Unknown Source)
	at org.eclipse.oomph.util.ReflectUtil.invokeMethod(ReflectUtil.java:117)
	at org.eclipse.oomph.p2.internal.core.CachingRepositoryManager.loadRepository(CachingRepositoryManager.java:409)
	at org.eclipse.oomph.p2.internal.core.CachingRepositoryManager.loadRepository(CachingRepositoryManager.java:201)
	at org.eclipse.oomph.p2.internal.core.CachingRepositoryManager$Metadata.loadRepository(CachingRepositoryManager.java:476)
	at org.eclipse.equinox.internal.p2.metadata.repository.MetadataRepositoryManager.loadRepository(MetadataRepositoryManager.java:96)
	at org.eclipse.equinox.internal.p2.metadata.repository.MetadataRepositoryManager.loadRepository(MetadataRepositoryManager.java:92)
	at org.eclipse.equinox.internal.p2.updatechecker.UpdateChecker.getAvailableRepositories(UpdateChecker.java:152)
	at org.eclipse.equinox.internal.p2.updatechecker.UpdateChecker.checkForUpdates(UpdateChecker.java:130)
	at org.eclipse.equinox.internal.p2.updatechecker.UpdateChecker$UpdateCheckThread.run(UpdateChecker.java:74)

!ENTRY org.eclipse.equinox.p2.repository 2 0 2017-10-19 17:29:54.453
!MESSAGE Server returned lastModified <= 0 for http://download.eclipse.org/oomph/updates/milestone/latest/compositeContent.jar

!ENTRY org.eclipse.equinox.p2.metadata.repository 4 1002 2017-10-19 17:29:54.656
!MESSAGE Unable to read repository at http://download.eclipse.org/oomph/updates/milestone/latest.
!STACK 0
java.io.IOException: http://download.eclipse.org/oomph/updates/milestone/latest is not a valid repository location.
	at org.eclipse.equinox.internal.p2.metadata.repository.CompositeMetadataRepositoryFactory.load(CompositeMetadataRepositoryFactory.java:112)
	at org.eclipse.equinox.internal.p2.metadata.repository.MetadataRepositoryManager.factoryLoad(MetadataRepositoryManager.java:57)
	at org.eclipse.equinox.internal.p2.repository.helpers.AbstractRepositoryManager.loadRepository(AbstractRepositoryManager.java:768)
	at sun.reflect.NativeMethodAccessorImpl.invoke0(Native Method)
	at sun.reflect.NativeMethodAccessorImpl.invoke(Unknown Source)
	at sun.reflect.DelegatingMethodAccessorImpl.invoke(Unknown Source)
	at java.lang.reflect.Method.invoke(Unknown Source)
	at org.eclipse.oomph.util.ReflectUtil.invokeMethod(ReflectUtil.java:117)
	at org.eclipse.oomph.p2.internal.core.CachingRepositoryManager.loadRepository(CachingRepositoryManager.java:409)
	at org.eclipse.oomph.p2.internal.core.CachingRepositoryManager.loadRepository(CachingRepositoryManager.java:201)
	at org.eclipse.oomph.p2.internal.core.CachingRepositoryManager$Metadata.loadRepository(CachingRepositoryManager.java:476)
	at org.eclipse.equinox.internal.p2.metadata.repository.MetadataRepositoryManager.loadRepository(MetadataRepositoryManager.java:96)
	at org.eclipse.equinox.internal.p2.metadata.repository.MetadataRepositoryManager.loadRepository(MetadataRepositoryManager.java:92)
	at org.eclipse.equinox.internal.p2.updatechecker.UpdateChecker.getAvailableRepositories(UpdateChecker.java:152)
	at org.eclipse.equinox.internal.p2.updatechecker.UpdateChecker.checkForUpdates(UpdateChecker.java:130)
	at org.eclipse.equinox.internal.p2.updatechecker.UpdateChecker$UpdateCheckThread.run(UpdateChecker.java:74)

!ENTRY org.eclipse.equinox.p2.repository 2 0 2017-10-19 17:29:54.750
!MESSAGE Server returned lastModified <= 0 for http://download.eclipse.org/eclipse/updates/4.7/compositeContent.jar

!ENTRY org.eclipse.equinox.p2.metadata.repository 4 1002 2017-10-19 17:29:54.953
!MESSAGE Unable to read repository at http://download.eclipse.org/eclipse/updates/4.7.
!STACK 0
java.io.IOException: http://download.eclipse.org/eclipse/updates/4.7 is not a valid repository location.
	at org.eclipse.equinox.internal.p2.metadata.repository.CompositeMetadataRepositoryFactory.load(CompositeMetadataRepositoryFactory.java:112)
	at org.eclipse.equinox.internal.p2.metadata.repository.MetadataRepositoryManager.factoryLoad(MetadataRepositoryManager.java:57)
	at org.eclipse.equinox.internal.p2.repository.helpers.AbstractRepositoryManager.loadRepository(AbstractRepositoryManager.java:768)
	at sun.reflect.NativeMethodAccessorImpl.invoke0(Native Method)
	at sun.reflect.NativeMethodAccessorImpl.invoke(Unknown Source)
	at sun.reflect.DelegatingMethodAccessorImpl.invoke(Unknown Source)
	at java.lang.reflect.Method.invoke(Unknown Source)
	at org.eclipse.oomph.util.ReflectUtil.invokeMethod(ReflectUtil.java:117)
	at org.eclipse.oomph.p2.internal.core.CachingRepositoryManager.loadRepository(CachingRepositoryManager.java:409)
	at org.eclipse.oomph.p2.internal.core.CachingRepositoryManager.loadRepository(CachingRepositoryManager.java:201)
	at org.eclipse.oomph.p2.internal.core.CachingRepositoryManager$Metadata.loadRepository(CachingRepositoryManager.java:476)
	at org.eclipse.equinox.internal.p2.metadata.repository.MetadataRepositoryManager.loadRepository(MetadataRepositoryManager.java:96)
	at org.eclipse.equinox.internal.p2.metadata.repository.MetadataRepositoryManager.loadRepository(MetadataRepositoryManager.java:92)
	at org.eclipse.equinox.internal.p2.updatechecker.UpdateChecker.getAvailableRepositories(UpdateChecker.java:152)
	at org.eclipse.equinox.internal.p2.updatechecker.UpdateChecker.checkForUpdates(UpdateChecker.java:130)
	at org.eclipse.equinox.internal.p2.updatechecker.UpdateChecker$UpdateCheckThread.run(UpdateChecker.java:74)

!ENTRY org.eclipse.equinox.p2.repository 2 0 2017-10-19 17:29:55.039
!MESSAGE Server returned lastModified <= 0 for http://download.eclipse.org/releases/oxygen/compositeContent.jar

!ENTRY org.eclipse.equinox.p2.metadata.repository 4 1002 2017-10-19 17:29:55.258
!MESSAGE Unable to read repository at http://download.eclipse.org/releases/oxygen.
!STACK 0
java.io.IOException: http://download.eclipse.org/releases/oxygen is not a valid repository location.
	at org.eclipse.equinox.internal.p2.metadata.repository.CompositeMetadataRepositoryFactory.load(CompositeMetadataRepositoryFactory.java:112)
	at org.eclipse.equinox.internal.p2.metadata.repository.MetadataRepositoryManager.factoryLoad(MetadataRepositoryManager.java:57)
	at org.eclipse.equinox.internal.p2.repository.helpers.AbstractRepositoryManager.loadRepository(AbstractRepositoryManager.java:768)
	at sun.reflect.NativeMethodAccessorImpl.invoke0(Native Method)
	at sun.reflect.NativeMethodAccessorImpl.invoke(Unknown Source)
	at sun.reflect.DelegatingMethodAccessorImpl.invoke(Unknown Source)
	at java.lang.reflect.Method.invoke(Unknown Source)
	at org.eclipse.oomph.util.ReflectUtil.invokeMethod(ReflectUtil.java:117)
	at org.eclipse.oomph.p2.internal.core.CachingRepositoryManager.loadRepository(CachingRepositoryManager.java:409)
	at org.eclipse.oomph.p2.internal.core.CachingRepositoryManager.loadRepository(CachingRepositoryManager.java:201)
	at org.eclipse.oomph.p2.internal.core.CachingRepositoryManager$Metadata.loadRepository(CachingRepositoryManager.java:476)
	at org.eclipse.equinox.internal.p2.metadata.repository.MetadataRepositoryManager.loadRepository(MetadataRepositoryManager.java:96)
	at org.eclipse.equinox.internal.p2.metadata.repository.MetadataRepositoryManager.loadRepository(MetadataRepositoryManager.java:92)
	at org.eclipse.equinox.internal.p2.updatechecker.UpdateChecker.getAvailableRepositories(UpdateChecker.java:152)
	at org.eclipse.equinox.internal.p2.updatechecker.UpdateChecker.checkForUpdates(UpdateChecker.java:130)
	at org.eclipse.equinox.internal.p2.updatechecker.UpdateChecker$UpdateCheckThread.run(UpdateChecker.java:74)
!SESSION 2017-10-20 09:30:29.465 -----------------------------------------------
eclipse.buildId=4.7.1.M20170906-1700
java.version=1.8.0_144
java.vendor=Oracle Corporation
BootLoader constants: OS=win32, ARCH=x86_64, WS=win32, NL=en_US
Framework arguments:  -product org.eclipse.epp.package.java.product
Command-line arguments:  -os win32 -ws win32 -arch x86_64 -product org.eclipse.epp.package.java.product

!ENTRY org.eclipse.core.resources 2 10035 2017-10-20 09:30:57.184
!MESSAGE The workspace exited with unsaved changes in the previous session; refreshing workspace to recover changes.

!ENTRY org.eclipse.egit.ui 2 0 2017-10-20 09:31:09.960
!MESSAGE Warning: The environment variable HOME is not set. The following directory will be used to store the Git
user global configuration and to define the default location to store repositories: 'C:\Users\Jim'. If this is
not correct please set the HOME environment variable and restart Eclipse. Otherwise Git for Windows and
EGit might behave differently since they see different configuration options.
This warning can be switched off on the Team > Git > Confirmations and Warnings preference page.

!ENTRY org.eclipse.jdt.core 4 4 2017-10-20 09:57:28.554
!MESSAGE Background Indexer Crash Recovery
!STACK 0
java.lang.OutOfMemoryError: Requested array size exceeds VM limit

!ENTRY org.eclipse.core.jobs 4 2 2017-10-20 10:03:11.782
!MESSAGE An internal error occurred during: "Periodic workspace save.".
!STACK 0
java.lang.IllegalArgumentException: Cannot set lower sequence number for root (previous: 10, new: 9). Location: C:\Users\Jim\Dropbox\Jim\Senior Project - Rachel\Code\eclipse-workspace\.metadata\.plugins\org.eclipse.core.resources\.safetable\org.eclipse.core.resources
	at org.eclipse.core.runtime.Assert.isLegal(Assert.java:63)
	at org.eclipse.core.internal.resources.SaveManager.validateMasterTableBeforeSave(SaveManager.java:1621)
	at org.eclipse.core.internal.resources.SaveManager.saveMasterTable(SaveManager.java:1285)
	at org.eclipse.core.internal.resources.SaveManager.saveMasterTable(SaveManager.java:1277)
	at org.eclipse.core.internal.resources.SaveManager.save(SaveManager.java:1254)
	at org.eclipse.core.internal.resources.SaveManager.save(SaveManager.java:1165)
	at org.eclipse.core.internal.resources.DelayedSnapshotJob.run(DelayedSnapshotJob.java:52)
	at org.eclipse.core.internal.jobs.Worker.run(Worker.java:56)
